Build started 13/11/2015 15:05:10.
     1>Project "C:\Users\Stephan\Documents\GitHub\Denoiser\Sakarnen\Sakarnen.vcxproj" on node 2 (Build target(s)).
     1>CustomBuild:
         Moc'ing sakarnen.h...
         Uic'ing sakarnen.ui...
         Moc'ing Viewport2D.h...
         Rcc'ing sakarnen.qrc...
     1>RCC : warning : No resources in 'C:\Users\Stephan\Documents\GitHub\Denoiser\Sakarnen\sakarnen.qrc'.
         
     1>C:\Program Files (x86)\MSBuild\Microsoft.Cpp\v4.0\V120\Microsoft.CppBuild.targets(935,5): warning MSB8027: Two or more files with the name of moc_sakarnen.cpp will produce outputs to the same location. This can lead to an incorrect build result.  The files involved are GeneratedFiles\Debug\moc_sakarnen.cpp, GeneratedFiles\Release\moc_sakarnen.cpp.
     1>C:\Program Files (x86)\MSBuild\Microsoft.Cpp\v4.0\V120\Microsoft.CppBuild.targets(935,5): warning MSB8027: Two or more files with the name of moc_Viewport2D.cpp will produce outputs to the same location. This can lead to an incorrect build result.  The files involved are GeneratedFiles\Debug\moc_Viewport2D.cpp, GeneratedFiles\Release\moc_Viewport2D.cpp.
       ClCompile:
         C:\Program Files (x86)\Microsoft Visual Studio 12.0\VC\bin\CL.exe /c /I.\GeneratedFiles /I. /IC:\Qt\Qt5.3.0\5.3\msvc2013_64_opengl\include /I.\GeneratedFiles\Debug /IC:\Qt\Qt5.3.0\5.3\msvc2013_64_opengl\include\QtCore /IC:\Qt\Qt5.3.0\5.3\msvc2013_64_opengl\include\QtGui /IC:\Qt\Qt5.3.0\5.3\msvc2013_64_opengl\include\QtMultimedia /IC:\Qt\Qt5.3.0\5.3\msvc2013_64_opengl\include\QtMultimediaWidgets /IC:\Qt\Qt5.3.0\5.3\msvc2013_64_opengl\include\QtWidgets /Zi /nologo /W1 /WX- /Od /Oy- /D UNICODE /D WIN32 /D WIN64 /D QT_DLL /D QT_CORE_LIB /D QT_GUI_LIB /D QT_MULTIMEDIA_LIB /D QT_MULTIMEDIAWIDGETS_LIB /D QT_WIDGETS_LIB /Gm- /EHsc /MDd /GS /Zc:wchar_t /Zc:forScope /Fo"Debug\\" /Fd"Debug\vc120.pdb" /Gd /TP /analyze- /errorReport:prompt GeneratedFiles\Debug\moc_sakarnen.cpp GeneratedFiles\Debug\moc_SettingsWidget.cpp GeneratedFiles\Debug\moc_Viewport2D.cpp main.cpp sakarnen.cpp SettingsWidget.cpp Viewport2D.cpp
         moc_sakarnen.cpp
         moc_SettingsWidget.cpp
     1>c1xx : fatal error C1083: Cannot open source file: 'GeneratedFiles\Debug\moc_SettingsWidget.cpp': No such file or directory
         moc_Viewport2D.cpp
         main.cpp
         sakarnen.cpp
         SettingsWidget.cpp
         Viewport2D.cpp
         Generating Code...
     1>Done Building Project "C:\Users\Stephan\Documents\GitHub\Denoiser\Sakarnen\Sakarnen.vcxproj" (Build target(s)) -- FAILED.

Build FAILED.

Time Elapsed 00:00:04.49
