c:\users\stephan\documents\github\denoiser\sakarnen\x64\release\viewport2d.obj
c:\users\stephan\documents\github\denoiser\sakarnen\x64\release\settingswidget.obj
c:\users\stephan\documents\github\denoiser\sakarnen\x64\release\sakarnen.obj
c:\users\stephan\documents\github\denoiser\sakarnen\x64\release\main.obj
c:\users\stephan\documents\github\denoiser\sakarnen\x64\release\moc_viewport2d.obj
c:\users\stephan\documents\github\denoiser\sakarnen\x64\release\moc_sakarnen.obj
c:\users\stephan\documents\github\denoiser\sakarnen\x64\release\moc_settingswidgetright.obj
c:\users\stephan\documents\github\denoiser\sakarnen\x64\release\qrc_sakarnen.obj
c:\users\stephan\documents\github\denoiser\sakarnen\x64\release\settingswidgetright.obj
c:\users\stephan\documents\github\denoiser\sakarnen\x64\release\pngloader.obj
c:\users\stephan\documents\github\denoiser\sakarnen\x64\release\lodepng.obj
c:\users\stephan\documents\github\denoiser\sakarnen\generatedfiles\ui_sakarnen.h
c:\users\stephan\documents\github\denoiser\sakarnen\generatedfiles\qrc_sakarnen.cpp
c:\users\stephan\documents\github\denoiser\sakarnen\generatedfiles\release\moc_sakarnen.cpp
c:\users\stephan\documents\github\denoiser\sakarnen\generatedfiles\release\moc_settingswidgetright.cpp
c:\users\stephan\documents\github\denoiser\sakarnen\generatedfiles\release\moc_viewport2d.cpp
c:\users\stephan\documents\github\denoiser\x64\release\sakarnen.exe
c:\users\stephan\documents\github\denoiser\sakarnen\x64\release\sakarnen.res
c:\users\stephan\documents\github\denoiser\sakarnen\x64\release\sakarnen.tlog\cl.command.1.tlog
c:\users\stephan\documents\github\denoiser\sakarnen\x64\release\sakarnen.tlog\cl.read.1.tlog
c:\users\stephan\documents\github\denoiser\sakarnen\x64\release\sakarnen.tlog\cl.write.1.tlog
c:\users\stephan\documents\github\denoiser\sakarnen\x64\release\sakarnen.tlog\custombuild.command.1.tlog
c:\users\stephan\documents\github\denoiser\sakarnen\x64\release\sakarnen.tlog\custombuild.read.1.tlog
c:\users\stephan\documents\github\denoiser\sakarnen\x64\release\sakarnen.tlog\custombuild.write.1.tlog
c:\users\stephan\documents\github\denoiser\sakarnen\x64\release\sakarnen.tlog\link-cvtres.read.1.tlog
c:\users\stephan\documents\github\denoiser\sakarnen\x64\release\sakarnen.tlog\link-cvtres.write.1.tlog
c:\users\stephan\documents\github\denoiser\sakarnen\x64\release\sakarnen.tlog\link-rc.read.1.tlog
c:\users\stephan\documents\github\denoiser\sakarnen\x64\release\sakarnen.tlog\link-rc.write.1.tlog
c:\users\stephan\documents\github\denoiser\sakarnen\x64\release\sakarnen.tlog\link.command.1.tlog
c:\users\stephan\documents\github\denoiser\sakarnen\x64\release\sakarnen.tlog\link.read.1.tlog
c:\users\stephan\documents\github\denoiser\sakarnen\x64\release\sakarnen.tlog\link.write.1.tlog
c:\users\stephan\documents\github\denoiser\sakarnen\x64\release\sakarnen.tlog\rc.command.1.tlog
c:\users\stephan\documents\github\denoiser\sakarnen\x64\release\sakarnen.tlog\rc.read.1.tlog
c:\users\stephan\documents\github\denoiser\sakarnen\x64\release\sakarnen.tlog\rc.write.1.tlog
