Build started 21/02/2016 15:43:49.
     1>Project "C:\Users\Stephan\Documents\GitHub\Denoiser\Sakarnen\Sakarnen.vcxproj" on node 2 (Build target(s)).
     1>C:\Program Files (x86)\MSBuild\Microsoft.Cpp\v4.0\V120\Microsoft.CppBuild.targets(935,5): warning MSB8027: Two or more files with the name of moc_sakarnen.cpp will produce outputs to the same location. This can lead to an incorrect build result.  The files involved are GeneratedFiles\Debug\moc_sakarnen.cpp, GeneratedFiles\Release\moc_sakarnen.cpp.
     1>C:\Program Files (x86)\MSBuild\Microsoft.Cpp\v4.0\V120\Microsoft.CppBuild.targets(935,5): warning MSB8027: Two or more files with the name of moc_SettingsWidgetRight.cpp will produce outputs to the same location. This can lead to an incorrect build result.  The files involved are GeneratedFiles\Debug\moc_SettingsWidgetRight.cpp, GeneratedFiles\Release\moc_SettingsWidgetRight.cpp.
     1>C:\Program Files (x86)\MSBuild\Microsoft.Cpp\v4.0\V120\Microsoft.CppBuild.targets(935,5): warning MSB8027: Two or more files with the name of moc_Viewport2D.cpp will produce outputs to the same location. This can lead to an incorrect build result.  The files involved are GeneratedFiles\Debug\moc_Viewport2D.cpp, GeneratedFiles\Release\moc_Viewport2D.cpp.
     1>C:\Program Files (x86)\MSBuild\Microsoft.Cpp\v4.0\V120\Microsoft.CppBuild.targets(935,5): warning MSB8027: Two or more files with the name of moc_ViewPortScrollArea.cpp will produce outputs to the same location. This can lead to an incorrect build result.  The files involved are GeneratedFiles\Debug\moc_ViewPortScrollArea.cpp, GeneratedFiles\Release\moc_ViewPortScrollArea.cpp.
     1>ClCompile:
         C:\Program Files (x86)\Microsoft Visual Studio 12.0\VC\bin\x86_amd64\CL.exe /c /I..\..\Denoiser /I.\GeneratedFiles /I. /IC:\Qt\Qt5.3.0\5.3\msvc2013_64_opengl\include /I.\GeneratedFiles\Release /IC:\Qt\Qt5.3.0\5.3\msvc2013_64_opengl\include\QtCore /IC:\Qt\Qt5.3.0\5.3\msvc2013_64_opengl\include\QtGui /IC:\Qt\Qt5.3.0\5.3\msvc2013_64_opengl\include\QtMultimedia /IC:\Qt\Qt5.3.0\5.3\msvc2013_64_opengl\include\QtMultimediaWidgets /IC:\Qt\Qt5.3.0\5.3\msvc2013_64_opengl\include\QtWidgets /nologo /W1 /WX- /O2 /D UNICODE /D WIN32 /D WIN64 /D QT_DLL /D QT_NO_DEBUG /D NDEBUG /D QT_CORE_LIB /D QT_GUI_LIB /D QT_MULTIMEDIA_LIB /D QT_MULTIMEDIAWIDGETS_LIB /D QT_WIDGETS_LIB /Gm- /EHsc /MD /GS /Zc:wchar_t /Zc:forScope /Fo"x64\Release\\" /Fd"x64\Release\vc120.pdb" /FR"x64\Release\\" /Gd /TP /errorReport:prompt GeneratedFiles\qrc_sakarnen.cpp
         qrc_sakarnen.cpp
         C:\Program Files (x86)\Microsoft Visual Studio 12.0\VC\bin\x86_amd64\CL.exe /c /I..\..\Denoiser /I.\GeneratedFiles /I. /IC:\Qt\Qt5.3.0\5.3\msvc2013_64_opengl\include /I.\GeneratedFiles\Release /IC:\Qt\Qt5.3.0\5.3\msvc2013_64_opengl\include\QtCore /IC:\Qt\Qt5.3.0\5.3\msvc2013_64_opengl\include\QtGui /IC:\Qt\Qt5.3.0\5.3\msvc2013_64_opengl\include\QtMultimedia /IC:\Qt\Qt5.3.0\5.3\msvc2013_64_opengl\include\QtMultimediaWidgets /IC:\Qt\Qt5.3.0\5.3\msvc2013_64_opengl\include\QtWidgets /nologo /W1 /WX- /O2 /D UNICODE /D WIN32 /D WIN64 /D QT_DLL /D QT_NO_DEBUG /D NDEBUG /D QT_CORE_LIB /D QT_GUI_LIB /D QT_MULTIMEDIA_LIB /D QT_MULTIMEDIAWIDGETS_LIB /D QT_WIDGETS_LIB /Gm- /EHsc /MD /GS /Zc:wchar_t /Zc:forScope /Fo"x64\Release\\" /Fd"x64\Release\vc120.pdb" /FR"x64\Release\\" /Gd /TP /errorReport:prompt GeneratedFiles\Release\moc_sakarnen.cpp GeneratedFiles\Release\moc_SettingsWidgetRight.cpp GeneratedFiles\Release\moc_Viewport2D.cpp GeneratedFiles\Release\moc_ViewPortScrollArea.cpp lodepng.cpp main.cpp PNGLoader.cpp sakarnen.cpp SettingsWidgetRight.cpp Viewport2D.cpp ViewPortScrollArea.cpp
         moc_sakarnen.cpp
         moc_SettingsWidgetRight.cpp
         moc_Viewport2D.cpp
         moc_ViewPortScrollArea.cpp
         lodepng.cpp
         main.cpp
         PNGLoader.cpp
         sakarnen.cpp
     1>Done Building Project "C:\Users\Stephan\Documents\GitHub\Denoiser\Sakarnen\Sakarnen.vcxproj" (Build target(s)) -- FAILED.

Build FAILED.

Time Elapsed 00:00:06.70
