c:\users\stephan\documents\github\denoiser\denoiser\x64\release\binaryblockio.sbr
c:\users\stephan\documents\github\denoiser\denoiser\x64\release\blockmatchingcomputertbb.sbr
c:\users\stephan\documents\github\denoiser\denoiser\x64\release\bm3dcollaborativefilterkernel.sbr
c:\users\stephan\documents\github\denoiser\denoiser\x64\release\bm3dcollaborativefunctor.sbr
c:\users\stephan\documents\github\denoiser\denoiser\x64\release\bm3dcollaborativefunctornn.sbr
c:\users\stephan\documents\github\denoiser\denoiser\x64\release\bm3dimageblockprocessor.sbr
c:\users\stephan\documents\github\denoiser\denoiser\x64\release\bm3dimageblockprocessorboost.sbr
c:\users\stephan\documents\github\denoiser\denoiser\x64\release\bm3dimageblockprocessorfunctions.sbr
c:\users\stephan\documents\github\denoiser\denoiser\x64\release\bm3dimageblockprocessornn.sbr
c:\users\stephan\documents\github\denoiser\denoiser\x64\release\bm3dimageblockprocessornnboost.sbr
c:\users\stephan\documents\github\denoiser\denoiser\x64\release\bm3dparallelfunctions.sbr
c:\users\stephan\documents\github\denoiser\denoiser\x64\release\bm3dwienerfilterkernel.sbr
c:\users\stephan\documents\github\denoiser\denoiser\x64\release\bm3dwienerfunctor.sbr
c:\users\stephan\documents\github\denoiser\denoiser\x64\release\bufferaggregator.sbr
c:\users\stephan\documents\github\denoiser\denoiser\x64\release\colourspacetransforms.sbr
c:\users\stephan\documents\github\denoiser\denoiser\x64\release\exrio.sbr
c:\users\stephan\documents\github\denoiser\denoiser\x64\release\image.sbr
c:\users\stephan\documents\github\denoiser\denoiser\x64\release\imageblockprocessor.sbr
c:\users\stephan\documents\github\denoiser\denoiser\x64\release\imageblockprocessorboost.sbr
c:\users\stephan\documents\github\denoiser\denoiser\x64\release\imageblockprocessorfunctions.sbr
c:\users\stephan\documents\github\denoiser\denoiser\x64\release\imageblockprocessorfunctions.obj
c:\users\stephan\documents\github\denoiser\denoiser\x64\release\imageblockprocessorboost.obj
c:\users\stephan\documents\github\denoiser\denoiser\x64\release\imageblockprocessor.obj
c:\users\stephan\documents\github\denoiser\denoiser\x64\release\image.obj
c:\users\stephan\documents\github\denoiser\denoiser\x64\release\exrio.obj
c:\users\stephan\documents\github\denoiser\denoiser\x64\release\colourspacetransforms.obj
c:\users\stephan\documents\github\denoiser\denoiser\x64\release\bufferaggregator.obj
c:\users\stephan\documents\github\denoiser\denoiser\x64\release\bm3dwienerfunctor.obj
c:\users\stephan\documents\github\denoiser\denoiser\x64\release\bm3dwienerfilterkernel.obj
c:\users\stephan\documents\github\denoiser\denoiser\x64\release\bm3dparallelfunctions.obj
c:\users\stephan\documents\github\denoiser\denoiser\x64\release\bm3dimageblockprocessornnboost.obj
c:\users\stephan\documents\github\denoiser\denoiser\x64\release\bm3dimageblockprocessornn.obj
c:\users\stephan\documents\github\denoiser\denoiser\x64\release\bm3dimageblockprocessorfunctions.obj
c:\users\stephan\documents\github\denoiser\denoiser\x64\release\bm3dimageblockprocessorboost.obj
c:\users\stephan\documents\github\denoiser\denoiser\x64\release\bm3dimageblockprocessor.obj
c:\users\stephan\documents\github\denoiser\denoiser\x64\release\bm3dcollaborativefunctornn.obj
c:\users\stephan\documents\github\denoiser\denoiser\x64\release\bm3dcollaborativefunctor.obj
c:\users\stephan\documents\github\denoiser\denoiser\x64\release\bm3dcollaborativefilterkernel.obj
c:\users\stephan\documents\github\denoiser\denoiser\x64\release\blockmatchingcomputertbb.obj
c:\users\stephan\documents\github\denoiser\denoiser\x64\release\binaryblockio.obj
c:\users\stephan\documents\github\denoiser\denoiser\x64\release\imagepartitioner.sbr
c:\users\stephan\documents\github\denoiser\denoiser\x64\release\imagepatch.sbr
c:\users\stephan\documents\github\denoiser\denoiser\x64\release\intergralimagecomputertbb.sbr
c:\users\stephan\documents\github\denoiser\denoiser\x64\release\lodepng.sbr
c:\users\stephan\documents\github\denoiser\denoiser\x64\release\mainnnbm3dtest.sbr
c:\users\stephan\documents\github\denoiser\denoiser\x64\release\nlmeansimageblockprocessor.sbr
c:\users\stephan\documents\github\denoiser\denoiser\x64\release\rangepartitioner.sbr
c:\users\stephan\documents\github\denoiser\denoiser\x64\release\sortedpatchcollection.sbr
c:\users\stephan\documents\github\denoiser\denoiser\x64\release\statistics.sbr
c:\users\stephan\documents\github\denoiser\denoiser\x64\release\statistics.obj
c:\users\stephan\documents\github\denoiser\denoiser\x64\release\sortedpatchcollection.obj
c:\users\stephan\documents\github\denoiser\denoiser\x64\release\rangepartitioner.obj
c:\users\stephan\documents\github\denoiser\denoiser\x64\release\nlmeansimageblockprocessor.obj
c:\users\stephan\documents\github\denoiser\denoiser\x64\release\mainnnbm3dtest.obj
c:\users\stephan\documents\github\denoiser\denoiser\x64\release\lodepng.obj
c:\users\stephan\documents\github\denoiser\denoiser\x64\release\intergralimagecomputertbb.obj
c:\users\stephan\documents\github\denoiser\denoiser\x64\release\imagepatch.obj
c:\users\stephan\documents\github\denoiser\denoiser\x64\release\imagepartitioner.obj
c:\users\stephan\documents\github\denoiser\denoiser\x64\release\vc100.pdb
c:\users\stephan\documents\github\denoiser\denoiser\x64\release\cl.command.1.tlog
c:\users\stephan\documents\github\denoiser\denoiser\x64\release\cl.read.1.tlog
c:\users\stephan\documents\github\denoiser\denoiser\x64\release\cl.write.1.tlog
c:\users\stephan\documents\github\denoiser\denoiser\x64\release\link.command.1.tlog
c:\users\stephan\documents\github\denoiser\denoiser\x64\release\link.read.1.tlog
c:\users\stephan\documents\github\denoiser\denoiser\x64\release\link.write.1.tlog
