Build started 12/11/2015 13:27:29.
     1>Project "C:\Users\Stephan\Documents\GitHub\Denoiser\Denoiser\Denoiser.vcxproj" on node 2 (Build target(s)).
     1>Lib:
         c:\Program Files (x86)\Microsoft Visual Studio 10.0\VC\bin\x86_amd64\Lib.exe /OUT:"C:\Users\Stephan\Documents\GitHub\Denoiser\x64\Release\Denoiser.lib" /NOLOGO /LTCG x64\Release\BlockMatchingComputerTBB.obj
         x64\Release\BM3DCollaborativeFilterKernel.obj
         x64\Release\BM3DCollaborativeFunctor.obj
         x64\Release\BM3DImageBlockProcessor.obj
         x64\Release\BM3DImageBlockProcessorBOOST.obj
         x64\Release\BM3DImageBlockProcessorFunctions.obj
         x64\Release\BM3DParallelFunctions.obj
         x64\Release\BM3DWienerFilterKernel.obj
         x64\Release\BM3DWienerFunctor.obj
         x64\Release\BufferAggregator.obj
         x64\Release\ColourSpaceTransforms.obj
         x64\Release\Image.obj
         x64\Release\ImageBlockProcessor.obj
         x64\Release\ImageBlockProcessorBOOST.obj
         x64\Release\ImageBlockProcessorFunctions.obj
         x64\Release\ImagePartitioner.obj
         x64\Release\ImagePatch.obj
         x64\Release\IntergralImageComputerTBB.obj
         x64\Release\lodepng.obj
         x64\Release\RangePartitioner.obj
         x64\Release\SortedPatchCollection.obj
         x64\Release\Statistics.obj
         x64\Release\main.obj
         Denoiser.vcxproj -> C:\Users\Stephan\Documents\GitHub\Denoiser\x64\Release\Denoiser.lib
       PostBuildEvent:
         xcopy /y /d "C:\Users\Stephan\Documents\GitHub\Denoiser\Denoiser\..\x64\Release\*.lib" "C:\Users\Stephan\.nuke"
         :VCEnd
         C:\Users\Stephan\Documents\GitHub\Denoiser\Denoiser\..\x64\Release\Denoiser.lib
         1 File(s) copied
     1>Done Building Project "C:\Users\Stephan\Documents\GitHub\Denoiser\Denoiser\Denoiser.vcxproj" (Build target(s)).

Build succeeded.

Time Elapsed 00:00:03.53
