Build started 09/11/2015 14:43:58.
     1>Project "C:\Users\Stephan\Documents\GitHub\Denoiser\Denoiser\Denoiser.vcxproj" on node 2 (Build target(s)).
     1>CudaBuild:
         Compiling CUDA source file BlockMatching.cu...
         cmd.exe /C "C:\Users\Stephan\AppData\Local\Temp\tmp36104e6cb47b4313b8ebb9dd56b8f673.cmd"
         "C:\Program Files\NVIDIA GPU Computing Toolkit\CUDA\v6.5\bin\nvcc.exe" -gencode=arch=compute_20,code=\"sm_20,compute_20\" --use-local-env --cl-version 2010 -ccbin "c:\Program Files (x86)\Microsoft Visual Studio 10.0\VC\bin"  -I"C:\TOOLS\FFTW\fftw-3.3.4-dll64" -I"C:\Program Files\NVIDIA GPU Computing Toolkit\CUDA\v6.5\include" -I"C:\Program Files\NVIDIA GPU Computing Toolkit\CUDA\v6.5\include"     --keep-dir Release -maxrregcount=0  --machine 32 --compile -cudart static     -DWIN32 -DNDEBUG -D_CONSOLE -D_LIB -D_UNICODE -DUNICODE -Xcompiler "/EHsc /W3 /nologo /Ox /Zi  /MD  " -o Release\BlockMatching.cu.obj "C:\Users\Stephan\Documents\GitHub\Denoiser\Denoiser\BlockMatching.cu"
         
         C:\Users\Stephan\Documents\GitHub\Denoiser\Denoiser>"C:\Program Files\NVIDIA GPU Computing Toolkit\CUDA\v6.5\bin\nvcc.exe" -gencode=arch=compute_20,code=\"sm_20,compute_20\" --use-local-env --cl-version 2010 -ccbin "c:\Program Files (x86)\Microsoft Visual Studio 10.0\VC\bin"  -I"C:\TOOLS\FFTW\fftw-3.3.4-dll64" -I"C:\Program Files\NVIDIA GPU Computing Toolkit\CUDA\v6.5\include" -I"C:\Program Files\NVIDIA GPU Computing Toolkit\CUDA\v6.5\include"     --keep-dir Release -maxrregcount=0  --machine 32 --compile -cudart static     -DWIN32 -DNDEBUG -D_CONSOLE -D_LIB -D_UNICODE -DUNICODE -Xcompiler "/EHsc /W3 /nologo /Ox /Zi  /MD  " -o Release\BlockMatching.cu.obj "C:\Users\Stephan\Documents\GitHub\Denoiser\Denoiser\BlockMatching.cu" 
         BlockMatching.cu
       CudaBuild:
         Compiling CUDA source file BM3D.cu...
         cmd.exe /C "C:\Users\Stephan\AppData\Local\Temp\tmp9c66cca891cb4efda5a6f3211924a35b.cmd"
         "C:\Program Files\NVIDIA GPU Computing Toolkit\CUDA\v6.5\bin\nvcc.exe" -gencode=arch=compute_20,code=\"sm_20,compute_20\" --use-local-env --cl-version 2010 -ccbin "c:\Program Files (x86)\Microsoft Visual Studio 10.0\VC\bin"  -I"C:\TOOLS\FFTW\fftw-3.3.4-dll64" -I"C:\Program Files\NVIDIA GPU Computing Toolkit\CUDA\v6.5\include" -I"C:\Program Files\NVIDIA GPU Computing Toolkit\CUDA\v6.5\include"     --keep-dir Release -maxrregcount=0  --machine 32 --compile -cudart static     -DWIN32 -DNDEBUG -D_CONSOLE -D_LIB -D_UNICODE -DUNICODE -Xcompiler "/EHsc /W3 /nologo /Ox /Zi  /MD  " -o Release\BM3D.cu.obj "C:\Users\Stephan\Documents\GitHub\Denoiser\Denoiser\BM3D.cu"
         
         C:\Users\Stephan\Documents\GitHub\Denoiser\Denoiser>"C:\Program Files\NVIDIA GPU Computing Toolkit\CUDA\v6.5\bin\nvcc.exe" -gencode=arch=compute_20,code=\"sm_20,compute_20\" --use-local-env --cl-version 2010 -ccbin "c:\Program Files (x86)\Microsoft Visual Studio 10.0\VC\bin"  -I"C:\TOOLS\FFTW\fftw-3.3.4-dll64" -I"C:\Program Files\NVIDIA GPU Computing Toolkit\CUDA\v6.5\include" -I"C:\Program Files\NVIDIA GPU Computing Toolkit\CUDA\v6.5\include"     --keep-dir Release -maxrregcount=0  --machine 32 --compile -cudart static     -DWIN32 -DNDEBUG -D_CONSOLE -D_LIB -D_UNICODE -DUNICODE -Xcompiler "/EHsc /W3 /nologo /Ox /Zi  /MD  " -o Release\BM3D.cu.obj "C:\Users\Stephan\Documents\GitHub\Denoiser\Denoiser\BM3D.cu" 
         BM3D.cu
       CudaBuild:
         Compiling CUDA source file Common.cu...
         cmd.exe /C "C:\Users\Stephan\AppData\Local\Temp\tmp83c0ed0f28574f9cafacf60232129688.cmd"
         "C:\Program Files\NVIDIA GPU Computing Toolkit\CUDA\v6.5\bin\nvcc.exe" -gencode=arch=compute_20,code=\"sm_20,compute_20\" --use-local-env --cl-version 2010 -ccbin "c:\Program Files (x86)\Microsoft Visual Studio 10.0\VC\bin"  -I"C:\TOOLS\FFTW\fftw-3.3.4-dll64" -I"C:\Program Files\NVIDIA GPU Computing Toolkit\CUDA\v6.5\include" -I"C:\Program Files\NVIDIA GPU Computing Toolkit\CUDA\v6.5\include"     --keep-dir Release -maxrregcount=0  --machine 32 --compile -cudart static     -DWIN32 -DNDEBUG -D_CONSOLE -D_LIB -D_UNICODE -DUNICODE -Xcompiler "/EHsc /W3 /nologo /Ox /Zi  /MD  " -o Release\Common.cu.obj "C:\Users\Stephan\Documents\GitHub\Denoiser\Denoiser\Common.cu"
         
         C:\Users\Stephan\Documents\GitHub\Denoiser\Denoiser>"C:\Program Files\NVIDIA GPU Computing Toolkit\CUDA\v6.5\bin\nvcc.exe" -gencode=arch=compute_20,code=\"sm_20,compute_20\" --use-local-env --cl-version 2010 -ccbin "c:\Program Files (x86)\Microsoft Visual Studio 10.0\VC\bin"  -I"C:\TOOLS\FFTW\fftw-3.3.4-dll64" -I"C:\Program Files\NVIDIA GPU Computing Toolkit\CUDA\v6.5\include" -I"C:\Program Files\NVIDIA GPU Computing Toolkit\CUDA\v6.5\include"     --keep-dir Release -maxrregcount=0  --machine 32 --compile -cudart static     -DWIN32 -DNDEBUG -D_CONSOLE -D_LIB -D_UNICODE -DUNICODE -Xcompiler "/EHsc /W3 /nologo /Ox /Zi  /MD  " -o Release\Common.cu.obj "C:\Users\Stephan\Documents\GitHub\Denoiser\Denoiser\Common.cu" 
         Common.cu
       CudaBuild:
         Compiling CUDA source file Memory.cu...
         cmd.exe /C "C:\Users\Stephan\AppData\Local\Temp\tmpfc22fbd093dc4c619c496e2196b2f5f9.cmd"
         "C:\Program Files\NVIDIA GPU Computing Toolkit\CUDA\v6.5\bin\nvcc.exe" -gencode=arch=compute_20,code=\"sm_20,compute_20\" --use-local-env --cl-version 2010 -ccbin "c:\Program Files (x86)\Microsoft Visual Studio 10.0\VC\bin"  -I"C:\TOOLS\FFTW\fftw-3.3.4-dll64" -I"C:\Program Files\NVIDIA GPU Computing Toolkit\CUDA\v6.5\include" -I"C:\Program Files\NVIDIA GPU Computing Toolkit\CUDA\v6.5\include"     --keep-dir Release -maxrregcount=0  --machine 32 --compile -cudart static     -DWIN32 -DNDEBUG -D_CONSOLE -D_LIB -D_UNICODE -DUNICODE -Xcompiler "/EHsc /W3 /nologo /Ox /Zi  /MD  " -o Release\Memory.cu.obj "C:\Users\Stephan\Documents\GitHub\Denoiser\Denoiser\Memory.cu"
         
         C:\Users\Stephan\Documents\GitHub\Denoiser\Denoiser>"C:\Program Files\NVIDIA GPU Computing Toolkit\CUDA\v6.5\bin\nvcc.exe" -gencode=arch=compute_20,code=\"sm_20,compute_20\" --use-local-env --cl-version 2010 -ccbin "c:\Program Files (x86)\Microsoft Visual Studio 10.0\VC\bin"  -I"C:\TOOLS\FFTW\fftw-3.3.4-dll64" -I"C:\Program Files\NVIDIA GPU Computing Toolkit\CUDA\v6.5\include" -I"C:\Program Files\NVIDIA GPU Computing Toolkit\CUDA\v6.5\include"     --keep-dir Release -maxrregcount=0  --machine 32 --compile -cudart static     -DWIN32 -DNDEBUG -D_CONSOLE -D_LIB -D_UNICODE -DUNICODE -Xcompiler "/EHsc /W3 /nologo /Ox /Zi  /MD  " -o Release\Memory.cu.obj "C:\Users\Stephan\Documents\GitHub\Denoiser\Denoiser\Memory.cu" 
         Memory.cu
       CudaBuild:
         Compiling CUDA source file NLMeans.cu...
         cmd.exe /C "C:\Users\Stephan\AppData\Local\Temp\tmpc2d57c0d2c1148a9be65f04800f83354.cmd"
         "C:\Program Files\NVIDIA GPU Computing Toolkit\CUDA\v6.5\bin\nvcc.exe" -gencode=arch=compute_20,code=\"sm_20,compute_20\" --use-local-env --cl-version 2010 -ccbin "c:\Program Files (x86)\Microsoft Visual Studio 10.0\VC\bin"  -I"C:\TOOLS\FFTW\fftw-3.3.4-dll64" -I"C:\Program Files\NVIDIA GPU Computing Toolkit\CUDA\v6.5\include" -I"C:\Program Files\NVIDIA GPU Computing Toolkit\CUDA\v6.5\include"     --keep-dir Release -maxrregcount=0  --machine 32 --compile -cudart static     -DWIN32 -DNDEBUG -D_CONSOLE -D_LIB -D_UNICODE -DUNICODE -Xcompiler "/EHsc /W3 /nologo /Ox /Zi  /MD  " -o Release\NLMeans.cu.obj "C:\Users\Stephan\Documents\GitHub\Denoiser\Denoiser\NLMeans.cu"
         
         C:\Users\Stephan\Documents\GitHub\Denoiser\Denoiser>"C:\Program Files\NVIDIA GPU Computing Toolkit\CUDA\v6.5\bin\nvcc.exe" -gencode=arch=compute_20,code=\"sm_20,compute_20\" --use-local-env --cl-version 2010 -ccbin "c:\Program Files (x86)\Microsoft Visual Studio 10.0\VC\bin"  -I"C:\TOOLS\FFTW\fftw-3.3.4-dll64" -I"C:\Program Files\NVIDIA GPU Computing Toolkit\CUDA\v6.5\include" -I"C:\Program Files\NVIDIA GPU Computing Toolkit\CUDA\v6.5\include"     --keep-dir Release -maxrregcount=0  --machine 32 --compile -cudart static     -DWIN32 -DNDEBUG -D_CONSOLE -D_LIB -D_UNICODE -DUNICODE -Xcompiler "/EHsc /W3 /nologo /Ox /Zi  /MD  " -o Release\NLMeans.cu.obj "C:\Users\Stephan\Documents\GitHub\Denoiser\Denoiser\NLMeans.cu" 
         NLMeans.cu
       ClCompile:
         c:\Program Files (x86)\Microsoft Visual Studio 10.0\VC\bin\CL.exe /c /I"C:\TOOLS\FFTW\fftw-3.3.4-dll64" /I"C:\Program Files\NVIDIA GPU Computing Toolkit\CUDA\v6.5\include" /Zi /nologo /W3 /WX- /Ox /Ob2 /Oi /Ot /Oy- /GL /D WIN32 /D NDEBUG /D _CONSOLE /D _LIB /D _UNICODE /D UNICODE /Gm- /EHsc /MD /GS /Gy /Zc:wchar_t /Zc:forScope /Fo"Release\\" /Fd"Release\vc100.pdb" /Gd /TP /analyze- /errorReport:prompt BlockMatchingComputerTBB.cpp BM3DCollaborativeFilterKernel.cpp BM3DCollaborativeTBB.cpp BM3DImageBlockProcessor.cpp BM3DImageBlockProcessorBOOST.cpp BM3DImageBlockProcessorFunctions.cpp BM3DParallelFunctions.cpp BM3DWienerFilterKernel.cpp BM3DWienerTBB.cpp BufferAggregator.cpp ColourSpaceTransforms.cpp DEBUG_HELPER.cpp Image.cpp ImageBlockProcessor.cpp ImageBlockProcessorFunctions.cpp ImagePartitioner.cpp ImagePatch.h IntergralImageComputerTBB.cpp lodepng.cpp main.cpp RangePartitioner.cpp SortedPatchCollection.cpp Statistics.cpp
         BlockMatchingComputerTBB.cpp
     1>c:\users\stephan\documents\github\denoiser\denoiser\Image.h(224): warning C4018: '<' : signed/unsigned mismatch
     1>c:\users\stephan\documents\github\denoiser\denoiser\Image.h(226): warning C4018: '<' : signed/unsigned mismatch
     1>c:\users\stephan\documents\github\denoiser\denoiser\ImageBlockProcessorFunctions.h(130): warning C4018: '>' : signed/unsigned mismatch
     1>c:\users\stephan\documents\github\denoiser\denoiser\ImageBlockProcessorFunctions.h(150): warning C4018: '>' : signed/unsigned mismatch
         BM3DCollaborativeFilterKernel.cpp
     1>BM3DCollaborativeFilterKernel.cpp(342): error C2660: 'Denoise::calculateMeanAdaptiveFactor' : function does not take 3 arguments
         BM3DCollaborativeTBB.cpp
     1>c:\users\stephan\documents\github\denoiser\denoiser\Image.h(224): warning C4018: '<' : signed/unsigned mismatch
     1>c:\users\stephan\documents\github\denoiser\denoiser\Image.h(226): warning C4018: '<' : signed/unsigned mismatch
     1>c:\users\stephan\documents\github\denoiser\denoiser\TBBDefs.h(5): fatal error C1083: Cannot open include file: 'boost\thread\mutex.hpp': No such file or directory
         BM3DImageBlockProcessor.cpp
     1>c:\users\stephan\documents\github\denoiser\denoiser\Image.h(224): warning C4018: '<' : signed/unsigned mismatch
     1>c:\users\stephan\documents\github\denoiser\denoiser\Image.h(226): warning C4018: '<' : signed/unsigned mismatch
     1>c:\users\stephan\documents\github\denoiser\denoiser\TBBDefs.h(5): fatal error C1083: Cannot open include file: 'boost\thread\mutex.hpp': No such file or directory
         BM3DImageBlockProcessorBOOST.cpp
     1>c:\users\stephan\documents\github\denoiser\denoiser\Image.h(224): warning C4018: '<' : signed/unsigned mismatch
     1>c:\users\stephan\documents\github\denoiser\denoiser\Image.h(226): warning C4018: '<' : signed/unsigned mismatch
     1>c:\users\stephan\documents\github\denoiser\denoiser\TBBDefs.h(5): fatal error C1083: Cannot open include file: 'boost\thread\mutex.hpp': No such file or directory
         BM3DImageBlockProcessorFunctions.cpp
     1>c:\users\stephan\documents\github\denoiser\denoiser\Image.h(224): warning C4018: '<' : signed/unsigned mismatch
     1>c:\users\stephan\documents\github\denoiser\denoiser\Image.h(226): warning C4018: '<' : signed/unsigned mismatch
     1>c:\users\stephan\documents\github\denoiser\denoiser\ImageBlockProcessorFunctions.h(130): warning C4018: '>' : signed/unsigned mismatch
     1>c:\users\stephan\documents\github\denoiser\denoiser\ImageBlockProcessorFunctions.h(150): warning C4018: '>' : signed/unsigned mismatch
         BM3DParallelFunctions.cpp
     1>c:\users\stephan\documents\github\denoiser\denoiser\Image.h(224): warning C4018: '<' : signed/unsigned mismatch
     1>c:\users\stephan\documents\github\denoiser\denoiser\Image.h(226): warning C4018: '<' : signed/unsigned mismatch
     1>c:\users\stephan\documents\github\denoiser\denoiser\TBBDefs.h(5): fatal error C1083: Cannot open include file: 'boost\thread\mutex.hpp': No such file or directory
         BM3DWienerFilterKernel.cpp
     1>BM3DWienerFilterKernel.cpp(388): error C2660: 'Denoise::calculateMeanAdaptiveFactor' : function does not take 3 arguments
         BM3DWienerTBB.cpp
     1>c:\users\stephan\documents\github\denoiser\denoiser\Image.h(224): warning C4018: '<' : signed/unsigned mismatch
     1>c:\users\stephan\documents\github\denoiser\denoiser\Image.h(226): warning C4018: '<' : signed/unsigned mismatch
     1>c:\users\stephan\documents\github\denoiser\denoiser\TBBDefs.h(5): fatal error C1083: Cannot open include file: 'boost\thread\mutex.hpp': No such file or directory
         BufferAggregator.cpp
         ColourSpaceTransforms.cpp
     1>c:\users\stephan\documents\github\denoiser\denoiser\Image.h(224): warning C4018: '<' : signed/unsigned mismatch
     1>c:\users\stephan\documents\github\denoiser\denoiser\Image.h(226): warning C4018: '<' : signed/unsigned mismatch
     1>ColourSpaceTransforms.cpp(78): warning C4305: 'argument' : truncation from 'double' to 'float'
     1>ColourSpaceTransforms.cpp(79): warning C4305: 'argument' : truncation from 'double' to 'float'
     1>ColourSpaceTransforms.cpp(80): warning C4305: 'argument' : truncation from 'double' to 'float'
     1>ColourSpaceTransforms.cpp(99): warning C4305: 'argument' : truncation from 'double' to 'float'
     1>ColourSpaceTransforms.cpp(105): warning C4305: 'argument' : truncation from 'double' to 'float'
     1>ColourSpaceTransforms.cpp(111): warning C4305: 'argument' : truncation from 'double' to 'float'
     1>ColourSpaceTransforms.cpp(122): warning C4305: 'argument' : truncation from 'double' to 'float'
     1>ColourSpaceTransforms.cpp(123): warning C4305: 'argument' : truncation from 'double' to 'float'
     1>ColourSpaceTransforms.cpp(124): warning C4305: 'argument' : truncation from 'double' to 'float'
     1>ColourSpaceTransforms.cpp(128): warning C4305: 'argument' : truncation from 'double' to 'float'
     1>ColourSpaceTransforms.cpp(129): warning C4305: 'argument' : truncation from 'double' to 'float'
     1>ColourSpaceTransforms.cpp(130): warning C4305: 'argument' : truncation from 'double' to 'float'
     1>ColourSpaceTransforms.cpp(134): warning C4305: 'argument' : truncation from 'double' to 'float'
     1>ColourSpaceTransforms.cpp(135): warning C4305: 'argument' : truncation from 'double' to 'float'
     1>ColourSpaceTransforms.cpp(136): warning C4305: 'argument' : truncation from 'double' to 'float'
     1>ColourSpaceTransforms.cpp(142): warning C4305: 'argument' : truncation from 'double' to 'float'
     1>ColourSpaceTransforms.cpp(143): warning C4305: 'argument' : truncation from 'double' to 'float'
     1>ColourSpaceTransforms.cpp(148): warning C4305: 'argument' : truncation from 'double' to 'float'
     1>ColourSpaceTransforms.cpp(149): warning C4305: 'argument' : truncation from 'double' to 'float'
     1>ColourSpaceTransforms.cpp(154): warning C4305: 'argument' : truncation from 'double' to 'float'
     1>ColourSpaceTransforms.cpp(155): warning C4305: 'argument' : truncation from 'double' to 'float'
     1>ColourSpaceTransforms.cpp(166): warning C4305: 'argument' : truncation from 'double' to 'float'
     1>ColourSpaceTransforms.cpp(167): warning C4305: 'argument' : truncation from 'double' to 'float'
     1>ColourSpaceTransforms.cpp(168): warning C4305: 'argument' : truncation from 'double' to 'float'
     1>ColourSpaceTransforms.cpp(172): warning C4305: 'argument' : truncation from 'double' to 'float'
     1>ColourSpaceTransforms.cpp(173): warning C4305: 'argument' : truncation from 'double' to 'float'
     1>ColourSpaceTransforms.cpp(179): warning C4305: 'argument' : truncation from 'double' to 'float'
     1>ColourSpaceTransforms.cpp(180): warning C4305: 'argument' : truncation from 'double' to 'float'
     1>ColourSpaceTransforms.cpp(186): warning C4305: 'argument' : truncation from 'double' to 'float'
     1>ColourSpaceTransforms.cpp(187): warning C4305: 'argument' : truncation from 'double' to 'float'
     1>ColourSpaceTransforms.cpp(192): warning C4305: 'argument' : truncation from 'double' to 'float'
     1>ColourSpaceTransforms.cpp(193): warning C4305: 'argument' : truncation from 'double' to 'float'
     1>ColourSpaceTransforms.cpp(198): warning C4305: 'argument' : truncation from 'double' to 'float'
     1>ColourSpaceTransforms.cpp(199): warning C4305: 'argument' : truncation from 'double' to 'float'
     1>ColourSpaceTransforms.cpp(234): warning C4018: '<' : signed/unsigned mismatch
     1>ColourSpaceTransforms.cpp(236): warning C4018: '<' : signed/unsigned mismatch
     1>ColourSpaceTransforms.cpp(260): warning C4018: '<' : signed/unsigned mismatch
     1>ColourSpaceTransforms.cpp(262): warning C4018: '<' : signed/unsigned mismatch
         DEBUG_HELPER.cpp
     1>DEBUG_HELPER.cpp(1): fatal error C1083: Cannot open include file: 'DEBUG_HELPER.h': No such file or directory
         Image.cpp
     1>c:\users\stephan\documents\github\denoiser\denoiser\Image.h(224): warning C4018: '<' : signed/unsigned mismatch
     1>c:\users\stephan\documents\github\denoiser\denoiser\Image.h(226): warning C4018: '<' : signed/unsigned mismatch
     1>Image.cpp(377): error C2039: 'isnan' : is not a member of 'std'
     1>Image.cpp(377): error C3861: 'isnan': identifier not found
     1>Image.cpp(381): error C2039: 'isinf' : is not a member of 'std'
     1>Image.cpp(381): error C3861: 'isinf': identifier not found
     1>Image.cpp(411): error C2039: 'isnan' : is not a member of 'std'
     1>Image.cpp(411): error C3861: 'isnan': identifier not found
     1>Image.cpp(415): error C2039: 'isinf' : is not a member of 'std'
     1>Image.cpp(415): error C3861: 'isinf': identifier not found
     1>Image.cpp(501): warning C4018: '<' : signed/unsigned mismatch
     1>Image.cpp(505): warning C4018: '<' : signed/unsigned mismatch
     1>Image.cpp(507): warning C4018: '<' : signed/unsigned mismatch
     1>Image.cpp(527): warning C4018: '<' : signed/unsigned mismatch
     1>Image.cpp(529): warning C4018: '<' : signed/unsigned mismatch
     1>Image.cpp(544): warning C4018: '<' : signed/unsigned mismatch
     1>Image.cpp(546): warning C4018: '<' : signed/unsigned mismatch
     1>Image.cpp(559): warning C4018: '<' : signed/unsigned mismatch
     1>Image.cpp(561): warning C4018: '<' : signed/unsigned mismatch
     1>Image.cpp(563): warning C4018: '<' : signed/unsigned mismatch
     1>Image.cpp(577): warning C4018: '<' : signed/unsigned mismatch
     1>Image.cpp(580): warning C4018: '<' : signed/unsigned mismatch
     1>Image.cpp(582): warning C4018: '<' : signed/unsigned mismatch
     1>Image.cpp(584): warning C4018: '<' : signed/unsigned mismatch
         ImageBlockProcessor.cpp
     1>c:\users\stephan\documents\github\denoiser\denoiser\Image.h(224): warning C4018: '<' : signed/unsigned mismatch
     1>c:\users\stephan\documents\github\denoiser\denoiser\Image.h(226): warning C4018: '<' : signed/unsigned mismatch
     1>ImageBlockProcessor.cpp(7): fatal error C1083: Cannot open include file: 'boost/thread.hpp': No such file or directory
         ImageBlockProcessorFunctions.cpp
     1>c:\users\stephan\documents\github\denoiser\denoiser\Image.h(224): warning C4018: '<' : signed/unsigned mismatch
     1>c:\users\stephan\documents\github\denoiser\denoiser\Image.h(226): warning C4018: '<' : signed/unsigned mismatch
     1>c:\users\stephan\documents\github\denoiser\denoiser\ImageBlockProcessorFunctions.h(130): warning C4018: '>' : signed/unsigned mismatch
     1>c:\users\stephan\documents\github\denoiser\denoiser\ImageBlockProcessorFunctions.h(150): warning C4018: '>' : signed/unsigned mismatch
     1>ImageBlockProcessorFunctions.cpp(28): warning C4018: '>' : signed/unsigned mismatch
     1>ImageBlockProcessorFunctions.cpp(36): warning C4018: '>' : signed/unsigned mismatch
     1>ImageBlockProcessorFunctions.cpp(91): warning C4244: 'argument' : conversion from 'double' to 'float', possible loss of data
     1>ImageBlockProcessorFunctions.cpp(111): warning C4244: 'argument' : conversion from 'double' to 'float', possible loss of data
     1>ImageBlockProcessorFunctions.cpp(136): warning C4018: '>' : signed/unsigned mismatch
     1>ImageBlockProcessorFunctions.cpp(149): warning C4244: 'argument' : conversion from 'double' to 'float', possible loss of data
     1>ImageBlockProcessorFunctions.cpp(169): warning C4244: 'argument' : conversion from 'double' to 'float', possible loss of data
     1>ImageBlockProcessorFunctions.cpp(194): warning C4018: '>' : signed/unsigned mismatch
     1>ImageBlockProcessorFunctions.cpp(206): warning C4018: '>' : signed/unsigned mismatch
     1>ImageBlockProcessorFunctions.cpp(231): warning C4244: 'argument' : conversion from 'double' to 'float', possible loss of data
     1>ImageBlockProcessorFunctions.cpp(248): warning C4018: '>' : signed/unsigned mismatch
     1>ImageBlockProcessorFunctions.cpp(253): warning C4018: '>' : signed/unsigned mismatch
     1>ImageBlockProcessorFunctions.cpp(278): warning C4244: 'argument' : conversion from 'double' to 'float', possible loss of data
     1>ImageBlockProcessorFunctions.cpp(294): warning C4018: '>' : signed/unsigned mismatch
     1>ImageBlockProcessorFunctions.cpp(299): warning C4018: '>' : signed/unsigned mismatch
     1>ImageBlockProcessorFunctions.cpp(322): warning C4244: 'argument' : conversion from 'double' to 'float', possible loss of data
     1>ImageBlockProcessorFunctions.cpp(332): warning C4018: '>' : signed/unsigned mismatch
     1>ImageBlockProcessorFunctions.cpp(337): warning C4018: '>' : signed/unsigned mismatch
     1>ImageBlockProcessorFunctions.cpp(360): warning C4244: 'argument' : conversion from 'double' to 'float', possible loss of data
     1>ImageBlockProcessorFunctions.cpp(416): warning C4244: 'argument' : conversion from 'double' to 'float', possible loss of data
     1>ImageBlockProcessorFunctions.cpp(437): warning C4244: 'argument' : conversion from 'double' to 'float', possible loss of data
     1>ImageBlockProcessorFunctions.cpp(468): warning C4018: '>' : signed/unsigned mismatch
     1>ImageBlockProcessorFunctions.cpp(481): warning C4244: 'argument' : conversion from 'double' to 'float', possible loss of data
     1>ImageBlockProcessorFunctions.cpp(501): warning C4244: 'argument' : conversion from 'double' to 'float', possible loss of data
     1>ImageBlockProcessorFunctions.cpp(524): warning C4018: '>' : signed/unsigned mismatch
     1>ImageBlockProcessorFunctions.cpp(532): warning C4018: '>' : signed/unsigned mismatch
     1>ImageBlockProcessorFunctions.cpp(577): warning C4018: '>' : signed/unsigned mismatch
     1>ImageBlockProcessorFunctions.cpp(585): warning C4018: '>' : signed/unsigned mismatch
     1>ImageBlockProcessorFunctions.cpp(655): warning C4018: '<' : signed/unsigned mismatch
     1>ImageBlockProcessorFunctions.cpp(657): warning C4018: '<' : signed/unsigned mismatch
         ImagePartitioner.cpp
     1>c:\users\stephan\documents\github\denoiser\denoiser\Image.h(224): warning C4018: '<' : signed/unsigned mismatch
     1>c:\users\stephan\documents\github\denoiser\denoiser\Image.h(226): warning C4018: '<' : signed/unsigned mismatch
     1>ImagePartitioner.cpp(32): warning C4244: 'initializing' : conversion from 'float' to 'unsigned int', possible loss of data
         ImagePatch.h
         IntergralImageComputerTBB.cpp
     1>c:\users\stephan\documents\github\denoiser\denoiser\Image.h(224): warning C4018: '<' : signed/unsigned mismatch
     1>c:\users\stephan\documents\github\denoiser\denoiser\Image.h(226): warning C4018: '<' : signed/unsigned mismatch
     1>c:\users\stephan\documents\github\denoiser\denoiser\ImageBlockProcessorFunctions.h(130): warning C4018: '>' : signed/unsigned mismatch
     1>c:\users\stephan\documents\github\denoiser\denoiser\ImageBlockProcessorFunctions.h(150): warning C4018: '>' : signed/unsigned mismatch
         lodepng.cpp
         main.cpp
     1>c:\users\stephan\documents\github\denoiser\denoiser\Image.h(224): warning C4018: '<' : signed/unsigned mismatch
     1>c:\users\stephan\documents\github\denoiser\denoiser\Image.h(226): warning C4018: '<' : signed/unsigned mismatch
     1>c:\users\stephan\documents\github\denoiser\denoiser\TBBDefs.h(5): fatal error C1083: Cannot open include file: 'boost\thread\mutex.hpp': No such file or directory
         Compiling...
         RangePartitioner.cpp
         SortedPatchCollection.cpp
     1>SortedPatchCollection.cpp(49): warning C4018: '>' : signed/unsigned mismatch
         Statistics.cpp
     1>Statistics.cpp(25): error C2668: 'pow' : ambiguous call to overloaded function
                 c:\Program Files (x86)\Microsoft Visual Studio 10.0\VC\include\math.h(497): could be 'double pow(double,int)'
                 c:\Program Files (x86)\Microsoft Visual Studio 10.0\VC\include\math.h(535): or       'float pow(float,int)'
                 c:\Program Files (x86)\Microsoft Visual Studio 10.0\VC\include\math.h(583): or       'long double pow(long double,int)'
                 while trying to match the argument list '(unsigned int, int)'
     1>Statistics.cpp(36): error C2668: 'pow' : ambiguous call to overloaded function
                 c:\Program Files (x86)\Microsoft Visual Studio 10.0\VC\include\math.h(497): could be 'double pow(double,int)'
                 c:\Program Files (x86)\Microsoft Visual Studio 10.0\VC\include\math.h(535): or       'float pow(float,int)'
                 c:\Program Files (x86)\Microsoft Visual Studio 10.0\VC\include\math.h(583): or       'long double pow(long double,int)'
                 while trying to match the argument list '(unsigned int, int)'
     1>Done Building Project "C:\Users\Stephan\Documents\GitHub\Denoiser\Denoiser\Denoiser.vcxproj" (Build target(s)) -- FAILED.

Build FAILED.

Time Elapsed 00:00:26.85
