C:\USERS\STEPHAN\DOCUMENTS\GITHUB\DENOISER\NUKE\SAKARNEN\SAKARNEN\X64\RELEASE\BLOCKMATCHINGCOMPUTERTBB.OBJ
C:\USERS\STEPHAN\DOCUMENTS\GITHUB\DENOISER\NUKE\SAKARNEN\SAKARNEN\X64\RELEASE\BM3DCOLLABORATIVEFILTERKERNEL.OBJ
C:\USERS\STEPHAN\DOCUMENTS\GITHUB\DENOISER\NUKE\SAKARNEN\SAKARNEN\X64\RELEASE\BM3DCOLLABORATIVEFUNCTOR.OBJ
C:\USERS\STEPHAN\DOCUMENTS\GITHUB\DENOISER\NUKE\SAKARNEN\SAKARNEN\X64\RELEASE\BM3DIMAGEBLOCKPROCESSOR.OBJ
C:\USERS\STEPHAN\DOCUMENTS\GITHUB\DENOISER\NUKE\SAKARNEN\SAKARNEN\X64\RELEASE\BM3DIMAGEBLOCKPROCESSORBOOST.OBJ
C:\USERS\STEPHAN\DOCUMENTS\GITHUB\DENOISER\NUKE\SAKARNEN\SAKARNEN\X64\RELEASE\BM3DIMAGEBLOCKPROCESSORFUNCTIONS.OBJ
C:\USERS\STEPHAN\DOCUMENTS\GITHUB\DENOISER\NUKE\SAKARNEN\SAKARNEN\X64\RELEASE\BM3DPARALLELFUNCTIONS.OBJ
C:\USERS\STEPHAN\DOCUMENTS\GITHUB\DENOISER\NUKE\SAKARNEN\SAKARNEN\X64\RELEASE\BM3DWIENERFILTERKERNEL.OBJ
C:\USERS\STEPHAN\DOCUMENTS\GITHUB\DENOISER\NUKE\SAKARNEN\SAKARNEN\X64\RELEASE\BM3DWIENERFUNCTOR.OBJ
C:\USERS\STEPHAN\DOCUMENTS\GITHUB\DENOISER\NUKE\SAKARNEN\SAKARNEN\X64\RELEASE\BUFFERAGGREGATOR.OBJ
C:\Users\Stephan\Documents\GitHub\Denoiser\Nuke\Sakarnen\Sakarnen\x64\Release\cl.command.1.tlog
C:\Users\Stephan\Documents\GitHub\Denoiser\Nuke\Sakarnen\Sakarnen\x64\Release\CL.read.1.tlog
C:\Users\Stephan\Documents\GitHub\Denoiser\Nuke\Sakarnen\Sakarnen\x64\Release\CL.write.1.tlog
C:\USERS\STEPHAN\DOCUMENTS\GITHUB\DENOISER\NUKE\SAKARNEN\SAKARNEN\X64\RELEASE\COLOURSPACETRANSFORMS.OBJ
C:\USERS\STEPHAN\DOCUMENTS\GITHUB\DENOISER\NUKE\SAKARNEN\SAKARNEN\X64\RELEASE\IMAGE.OBJ
C:\USERS\STEPHAN\DOCUMENTS\GITHUB\DENOISER\NUKE\SAKARNEN\SAKARNEN\X64\RELEASE\IMAGEBLOCKPROCESSOR.OBJ
C:\USERS\STEPHAN\DOCUMENTS\GITHUB\DENOISER\NUKE\SAKARNEN\SAKARNEN\X64\RELEASE\IMAGEBLOCKPROCESSORBOOST.OBJ
C:\USERS\STEPHAN\DOCUMENTS\GITHUB\DENOISER\NUKE\SAKARNEN\SAKARNEN\X64\RELEASE\IMAGEBLOCKPROCESSORFUNCTIONS.OBJ
C:\USERS\STEPHAN\DOCUMENTS\GITHUB\DENOISER\NUKE\SAKARNEN\SAKARNEN\X64\RELEASE\IMAGEPARTITIONER.OBJ
C:\USERS\STEPHAN\DOCUMENTS\GITHUB\DENOISER\NUKE\SAKARNEN\SAKARNEN\X64\RELEASE\INTERGRALIMAGECOMPUTERTBB.OBJ
C:\Users\Stephan\Documents\GitHub\Denoiser\Nuke\Sakarnen\Sakarnen\x64\Release\link.command.1.tlog
C:\Users\Stephan\Documents\GitHub\Denoiser\Nuke\Sakarnen\Sakarnen\x64\Release\link.read.1.tlog
C:\Users\Stephan\Documents\GitHub\Denoiser\Nuke\Sakarnen\Sakarnen\x64\Release\link.write.1.tlog
C:\USERS\STEPHAN\DOCUMENTS\GITHUB\DENOISER\NUKE\SAKARNEN\SAKARNEN\X64\RELEASE\LODEPNG.OBJ
C:\Users\Stephan\Documents\GitHub\Denoiser\Nuke\Sakarnen\Sakarnen\x64\Release\mt.command.1.tlog
C:\Users\Stephan\Documents\GitHub\Denoiser\Nuke\Sakarnen\Sakarnen\x64\Release\mt.read.1.tlog
C:\Users\Stephan\Documents\GitHub\Denoiser\Nuke\Sakarnen\Sakarnen\x64\Release\mt.write.1.tlog
C:\USERS\STEPHAN\DOCUMENTS\GITHUB\DENOISER\NUKE\SAKARNEN\SAKARNEN\X64\RELEASE\RANGEPARTITIONER.OBJ
C:\USERS\STEPHAN\DOCUMENTS\GITHUB\DENOISER\NUKE\SAKARNEN\SAKARNEN\X64\RELEASE\SAKARNEN.DLL.INTERMEDIATE.MANIFEST
C:\USERS\STEPHAN\DOCUMENTS\GITHUB\DENOISER\NUKE\SAKARNEN\SAKARNEN\X64\RELEASE\SAKARNEN.OBJ
C:\Users\Stephan\Documents\GitHub\Denoiser\Nuke\Sakarnen\Sakarnen\x64\Release\Sakarnen.write.1.tlog
C:\USERS\STEPHAN\DOCUMENTS\GITHUB\DENOISER\NUKE\SAKARNEN\SAKARNEN\X64\RELEASE\SORTEDPATCHCOLLECTION.OBJ
C:\USERS\STEPHAN\DOCUMENTS\GITHUB\DENOISER\NUKE\SAKARNEN\SAKARNEN\X64\RELEASE\STATISTICS.OBJ
C:\USERS\STEPHAN\DOCUMENTS\GITHUB\DENOISER\NUKE\SAKARNEN\SAKARNEN\X64\RELEASE\VC100.PDB
C:\USERS\STEPHAN\DOCUMENTS\GITHUB\DENOISER\NUKE\SAKARNEN\X64\RELEASE\SAKARNEN.DLL
C:\USERS\STEPHAN\DOCUMENTS\GITHUB\DENOISER\NUKE\SAKARNEN\X64\RELEASE\SAKARNEN.PDB
