c:\users\stephan\documents\github\denoiser\denoiser\x64\debug\vc120.pdb
s:\users\stephan\documents\github\denoiser\denoiser\x64\debug\vc120.pdb
c:\users\stephan\documents\github\denoiser\denoiser\x64\debug\vc120.idb
c:\users\stephan\documents\github\denoiser\denoiser\x64\debug\bm3dcollaborativefilterkernel.obj
c:\users\stephan\documents\github\denoiser\denoiser\x64\debug\bm3dimageblockprocessor.obj
c:\users\stephan\documents\github\denoiser\denoiser\x64\debug\bm3dparallelfunctions.obj
c:\users\stephan\documents\github\denoiser\denoiser\x64\debug\bufferaggregator.obj
c:\users\stephan\documents\github\denoiser\denoiser\x64\debug\debug_helper.obj
c:\users\stephan\documents\github\denoiser\denoiser\x64\debug\image.obj
c:\users\stephan\documents\github\denoiser\denoiser\x64\debug\imageblockprocessor.obj
c:\users\stephan\documents\github\denoiser\denoiser\x64\debug\imagenlmeansprocessor.obj
c:\users\stephan\documents\github\denoiser\denoiser\x64\debug\imagepartitioner.obj
c:\users\stephan\documents\github\denoiser\denoiser\x64\debug\imagepatch.obj
c:\users\stephan\documents\github\denoiser\denoiser\x64\debug\main.obj
c:\users\stephan\documents\github\denoiser\denoiser\x64\debug\lodepng.obj
c:\users\stephan\documents\github\denoiser\denoiser\x64\debug\sortedpatchcollection.obj
c:\users\stephan\documents\github\denoiser\denoiser\x64\debug\statistics.obj
c:\users\stephan\appdata\local\temp\irmagent.log
s:\users\stephan\documents\github\denoiser\x64\debug\denoiser.ilk
s:\users\stephan\documents\github\denoiser\x64\debug\denoiser.exe
s:\users\stephan\documents\github\denoiser\x64\debug\denoiser.pdb
c:\users\stephan\documents\github\denoiser\x64\debug\denoiser.ilk
c:\users\stephan\documents\github\denoiser\x64\debug\denoiser.exe
c:\users\stephan\documents\github\denoiser\x64\debug\denoiser.pdb
c:\users\stephan\documents\github\denoiser\denoiser\x64\debug\blockmatching.cu.cache
c:\users\stephan\documents\github\denoiser\denoiser\x64\debug\bm3d.cu.cache
c:\users\stephan\documents\github\denoiser\denoiser\x64\debug\common.cu.cache
c:\users\stephan\documents\github\denoiser\denoiser\x64\debug\memory.cu.cache
c:\users\stephan\documents\github\denoiser\denoiser\x64\debug\nlmeans.cu.cache
c:\users\stephan\documents\github\denoiser\denoiser\x64\debug\blockmatching.cu.obj
c:\users\stephan\documents\github\denoiser\denoiser\x64\debug\bm3d.cu.obj
c:\users\stephan\documents\github\denoiser\denoiser\x64\debug\common.cu.obj
c:\users\stephan\documents\github\denoiser\denoiser\x64\debug\memory.cu.obj
c:\users\stephan\documents\github\denoiser\denoiser\x64\debug\nlmeans.cu.obj
c:\users\stephan\documents\github\denoiser\x64\debug\denoiser.exe.manifest
c:\users\stephan\documents\github\denoiser\denoiser\x64\debug\denoiser.tlog\cl.command.1.tlog
c:\users\stephan\documents\github\denoiser\denoiser\x64\debug\denoiser.tlog\cl.read.1.tlog
c:\users\stephan\documents\github\denoiser\denoiser\x64\debug\denoiser.tlog\cl.write.1.tlog
c:\users\stephan\documents\github\denoiser\denoiser\x64\debug\denoiser.tlog\icl-intelremotemonserver-intelremotemonagent-intelremotemonagent2.read.1.tlog
c:\users\stephan\documents\github\denoiser\denoiser\x64\debug\denoiser.tlog\icl-intelremotemonserver-intelremotemonagent-intelremotemonagent2.write.1.tlog
c:\users\stephan\documents\github\denoiser\denoiser\x64\debug\denoiser.tlog\icl-intelremotemonserver-intelremotemonagent.read.1.tlog
c:\users\stephan\documents\github\denoiser\denoiser\x64\debug\denoiser.tlog\icl-intelremotemonserver-intelremotemonagent.read.2.tlog
c:\users\stephan\documents\github\denoiser\denoiser\x64\debug\denoiser.tlog\icl-intelremotemonserver-intelremotemonagent.write.2.tlog
c:\users\stephan\documents\github\denoiser\denoiser\x64\debug\denoiser.tlog\icl-intelremotemonserver.read.1.tlog
c:\users\stephan\documents\github\denoiser\denoiser\x64\debug\denoiser.tlog\icl-intelremotemonserver.read.10.tlog
c:\users\stephan\documents\github\denoiser\denoiser\x64\debug\denoiser.tlog\icl-intelremotemonserver.read.2.tlog
c:\users\stephan\documents\github\denoiser\denoiser\x64\debug\denoiser.tlog\icl-intelremotemonserver.write.10.tlog
c:\users\stephan\documents\github\denoiser\denoiser\x64\debug\denoiser.tlog\icl-intelremotemonserver.write.2.tlog
c:\users\stephan\documents\github\denoiser\denoiser\x64\debug\denoiser.tlog\icl-mcpcom.read.1.tlog
c:\users\stephan\documents\github\denoiser\denoiser\x64\debug\denoiser.tlog\icl-mcpcom.write.1.tlog
c:\users\stephan\documents\github\denoiser\denoiser\x64\debug\denoiser.tlog\icl.command.1.tlog
c:\users\stephan\documents\github\denoiser\denoiser\x64\debug\denoiser.tlog\icl.read.1.tlog
c:\users\stephan\documents\github\denoiser\denoiser\x64\debug\denoiser.tlog\icl.write.1.tlog
c:\users\stephan\documents\github\denoiser\denoiser\x64\debug\denoiser.tlog\link.command.1.tlog
c:\users\stephan\documents\github\denoiser\denoiser\x64\debug\denoiser.tlog\link.read.1.tlog
c:\users\stephan\documents\github\denoiser\denoiser\x64\debug\denoiser.tlog\link.write.1.tlog
c:\users\stephan\documents\github\denoiser\denoiser\x64\debug\denoiser.tlog\xilink-link.11716.read.1.tlog
c:\users\stephan\documents\github\denoiser\denoiser\x64\debug\denoiser.tlog\xilink-link.11716.read.2.tlog
c:\users\stephan\documents\github\denoiser\denoiser\x64\debug\denoiser.tlog\xilink-link.11716.write.1.tlog
c:\users\stephan\documents\github\denoiser\denoiser\x64\debug\denoiser.tlog\xilink-link.read.1.tlog
c:\users\stephan\documents\github\denoiser\denoiser\x64\debug\denoiser.tlog\xilink-link.read.2.tlog
c:\users\stephan\documents\github\denoiser\denoiser\x64\debug\denoiser.tlog\xilink-link.write.1.tlog
c:\users\stephan\documents\github\denoiser\denoiser\x64\debug\denoiser.tlog\xilink-mcpcom.read.1.tlog
c:\users\stephan\documents\github\denoiser\denoiser\x64\debug\denoiser.tlog\xilink-mcpcom.write.1.tlog
c:\users\stephan\documents\github\denoiser\denoiser\x64\debug\denoiser.tlog\xilink.command.1.tlog
c:\users\stephan\documents\github\denoiser\denoiser\x64\debug\denoiser.tlog\xilink.read.1.tlog
c:\users\stephan\documents\github\denoiser\denoiser\x64\debug\denoiser.tlog\xilink.write.1.tlog
