Build started 17/09/2015 17:52:55.
     1>Project "C:\Users\Stephan\Documents\GitHub\Denoiser\Denoiser\Denoiser.vcxproj" on node 2 (Build target(s)).
     1>ClCompile:
         C:\Program Files (x86)\Microsoft Visual Studio 12.0\VC\bin\x86_amd64\CL.exe /c /Zi /nologo /W3 /WX- /sdl /Od /D WIN32 /D _DEBUG /D _CONSOLE /D _LIB /D _UNICODE /D UNICODE /Gm /EHsc /RTC1 /MDd /GS /Zc:wchar_t /Zc:forScope /Fo"x64\Debug\\" /Fd"x64\Debug\vc120.pdb" /Gd /TP /errorReport:prompt Image.cpp ImageBlockProcessor.cpp ImagePatch.h lodepng.cpp main.cpp SortedPatchCollection.cpp
         SortedPatchCollection.cpp
         main.cpp
     1>main.cpp(55): warning C4267: '=' : conversion from 'size_t' to 'int', possible loss of data
     1>main.cpp(56): warning C4267: '=' : conversion from 'size_t' to 'int', possible loss of data
     1>main.cpp(153): warning C4267: 'argument' : conversion from 'size_t' to 'unsigned int', possible loss of data
         lodepng.cpp
     1>lodepng.cpp(773): warning C4334: '<<' : result of 32-bit shift implicitly converted to 64 bits (was 64-bit shift intended?)
     1>lodepng.cpp(1439): warning C4267: '=' : conversion from 'size_t' to 'int', possible loss of data
     1>lodepng.cpp(1443): warning C4267: '=' : conversion from 'size_t' to 'int', possible loss of data
     1>lodepng.cpp(1515): warning C4267: '=' : conversion from 'size_t' to 'unsigned int', possible loss of data
     1>lodepng.cpp(3443): warning C4267: 'argument' : conversion from 'size_t' to 'unsigned int', possible loss of data
     1>lodepng.cpp(4246): warning C4267: '=' : conversion from 'size_t' to 'unsigned int', possible loss of data
     1>lodepng.cpp(4294): warning C4267: '=' : conversion from 'size_t' to 'unsigned int', possible loss of data
     1>lodepng.cpp(4374): warning C4267: '=' : conversion from 'size_t' to 'unsigned int', possible loss of data
     1>lodepng.cpp(5314): warning C4267: 'initializing' : conversion from 'size_t' to 'unsigned int', possible loss of data
         ImagePatch.h
         ImageBlockProcessor.cpp
     1>ImageBlockProcessor.cpp(45): warning C4267: 'initializing' : conversion from 'size_t' to 'int', possible loss of data
     1>ImageBlockProcessor.cpp(46): warning C4267: 'initializing' : conversion from 'size_t' to 'int', possible loss of data
     1>ImageBlockProcessor.cpp(61): warning C4267: 'initializing' : conversion from 'size_t' to 'int', possible loss of data
     1>ImageBlockProcessor.cpp(62): warning C4267: 'initializing' : conversion from 'size_t' to 'int', possible loss of data
     1>ImageBlockProcessor.cpp(82): warning C4267: '+=' : conversion from 'size_t' to 'int', possible loss of data
     1>ImageBlockProcessor.cpp(84): warning C4267: '+=' : conversion from 'size_t' to 'int', possible loss of data
     1>ImageBlockProcessor.cpp(122): warning C4267: '+=' : conversion from 'size_t' to 'int', possible loss of data
     1>ImageBlockProcessor.cpp(124): warning C4267: '+=' : conversion from 'size_t' to 'int', possible loss of data
     1>ImageBlockProcessor.cpp(178): warning C4267: 'initializing' : conversion from 'size_t' to 'int', possible loss of data
     1>ImageBlockProcessor.cpp(179): warning C4267: 'initializing' : conversion from 'size_t' to 'int', possible loss of data
         Image.cpp
         Generating Code...
       Link:
         C:\Program Files (x86)\Microsoft Visual Studio 12.0\VC\bin\x86_amd64\link.exe /ERRORREPORT:PROMPT /OUT:"C:\Users\Stephan\Documents\GitHub\Denoiser\x64\Debug\Denoiser.exe" /INCREMENTAL /NOLOGO kernel32.lib user32.lib gdi32.lib winspool.lib comdlg32.lib advapi32.lib shell32.lib ole32.lib oleaut32.lib uuid.lib odbc32.lib odbccp32.lib /MANIFEST /MANIFESTUAC:"level='asInvoker' uiAccess='false'" /manifest:embed /DEBUG /PDB:"C:\Users\Stephan\Documents\GitHub\Denoiser\x64\Debug\Denoiser.pdb" /SUBSYSTEM:CONSOLE /TLBID:1 /DYNAMICBASE /NXCOMPAT /IMPLIB:"C:\Users\Stephan\Documents\GitHub\Denoiser\x64\Debug\Denoiser.lib" /MACHINE:X64 x64\Debug\Image.obj
         x64\Debug\ImageBlockProcessor.obj
         x64\Debug\ImagePatch.obj
         x64\Debug\lodepng.obj
         x64\Debug\main.obj
         x64\Debug\SortedPatchCollection.obj
         Denoiser.vcxproj -> C:\Users\Stephan\Documents\GitHub\Denoiser\x64\Debug\Denoiser.exe
     1>Done Building Project "C:\Users\Stephan\Documents\GitHub\Denoiser\Denoiser\Denoiser.vcxproj" (Build target(s)).

Build succeeded.

Time Elapsed 00:00:03.24
